{"name":"general-log","hostname":"DESKTOP-B3HLAGD","pid":14504,"level":30,"msg":"Express-Boilerplate v1.6.0","time":"2018-11-30T16:43:36.298Z","v":0}
{"name":"general-log","hostname":"DESKTOP-B3HLAGD","pid":14504,"level":30,"msg":"Listening on port 8000","time":"2018-11-30T16:43:36.303Z","v":0}
{"name":"general-log","hostname":"DESKTOP-B3HLAGD","pid":4672,"level":30,"msg":"Express-Boilerplate v1.6.0","time":"2018-11-30T16:45:26.626Z","v":0}
{"name":"general-log","hostname":"DESKTOP-B3HLAGD","pid":4672,"level":30,"msg":"Listening on port 8000","time":"2018-11-30T16:45:26.629Z","v":0}
{"name":"general-log","hostname":"DESKTOP-B3HLAGD","pid":1852,"level":30,"msg":"Express-Boilerplate v1.6.0","time":"2018-11-30T16:45:54.808Z","v":0}
{"name":"general-log","hostname":"DESKTOP-B3HLAGD","pid":1852,"level":30,"msg":"Listening on port 8000","time":"2018-11-30T16:45:54.813Z","v":0}
{"name":"general-log","hostname":"DESKTOP-B3HLAGD","pid":14504,"level":30,"msg":"Express-Boilerplate v1.6.0","time":"2018-11-30T17:00:38.398Z","v":0}
{"name":"general-log","hostname":"DESKTOP-B3HLAGD","pid":14504,"level":30,"msg":"Listening on port 8000","time":"2018-11-30T17:00:38.401Z","v":0}
{"name":"general-log","hostname":"DESKTOP-B3HLAGD","pid":13784,"level":30,"msg":"Express-Boilerplate v1.6.0","time":"2018-11-30T17:05:26.969Z","v":0}
{"name":"general-log","hostname":"DESKTOP-B3HLAGD","pid":13784,"level":30,"msg":"Listening on port 8000","time":"2018-11-30T17:05:26.972Z","v":0}
{"name":"general-log","hostname":"DESKTOP-B3HLAGD","pid":2760,"level":30,"msg":"Express-Boilerplate v1.6.0","time":"2018-11-30T17:05:29.947Z","v":0}
{"name":"general-log","hostname":"DESKTOP-B3HLAGD","pid":2760,"level":30,"msg":"Listening on port 8000","time":"2018-11-30T17:05:29.950Z","v":0}
{"name":"general-log","hostname":"DESKTOP-B3HLAGD","pid":12956,"level":30,"msg":"Express-Boilerplate v1.6.0","time":"2018-11-30T17:18:38.213Z","v":0}
{"name":"general-log","hostname":"DESKTOP-B3HLAGD","pid":12956,"level":30,"msg":"Listening on port 8000","time":"2018-11-30T17:18:38.216Z","v":0}
{"name":"general-log","hostname":"DESKTOP-B3HLAGD","pid":7332,"level":30,"msg":"Express-Boilerplate v1.6.0","time":"2018-11-30T17:18:39.907Z","v":0}
{"name":"general-log","hostname":"DESKTOP-B3HLAGD","pid":7332,"level":30,"msg":"Listening on port 8000","time":"2018-11-30T17:18:39.911Z","v":0}
{"name":"general-log","hostname":"DESKTOP-B3HLAGD","pid":14248,"level":30,"msg":"Express-Boilerplate v1.6.0","time":"2018-11-30T17:23:03.494Z","v":0}
{"name":"general-log","hostname":"DESKTOP-B3HLAGD","pid":14248,"level":30,"msg":"Listening on port 8000","time":"2018-11-30T17:23:03.502Z","v":0}
{"name":"general-log","hostname":"DESKTOP-B3HLAGD","pid":15256,"level":30,"msg":"Express-Boilerplate v1.6.0","time":"2018-11-30T17:25:39.479Z","v":0}
{"name":"general-log","hostname":"DESKTOP-B3HLAGD","pid":15256,"level":30,"msg":"Listening on port 8000","time":"2018-11-30T17:25:39.488Z","v":0}
{"name":"general-log","hostname":"DESKTOP-B3HLAGD","pid":9856,"level":30,"msg":"Express-Boilerplate v1.6.0","time":"2018-11-30T17:39:44.676Z","v":0}
{"name":"general-log","hostname":"DESKTOP-B3HLAGD","pid":9856,"level":30,"msg":"Listening on port 8000","time":"2018-11-30T17:39:44.681Z","v":0}
{"name":"general-log","hostname":"DESKTOP-B3HLAGD","pid":13540,"level":30,"msg":"Express-Boilerplate v1.6.0","time":"2018-11-30T17:40:58.485Z","v":0}
{"name":"general-log","hostname":"DESKTOP-B3HLAGD","pid":13540,"level":30,"msg":"Listening on port 8000","time":"2018-11-30T17:40:58.492Z","v":0}
{"name":"general-log","hostname":"DESKTOP-B3HLAGD","pid":12628,"level":30,"msg":"Express-Boilerplate v1.6.0","time":"2018-11-30T17:44:55.934Z","v":0}
{"name":"general-log","hostname":"DESKTOP-B3HLAGD","pid":12628,"level":30,"msg":"Listening on port 8000","time":"2018-11-30T17:44:55.947Z","v":0}
{"name":"general-log","hostname":"DESKTOP-B3HLAGD","pid":14900,"level":30,"msg":"Express-Boilerplate v1.6.0","time":"2018-11-30T17:47:04.160Z","v":0}
{"name":"general-log","hostname":"DESKTOP-B3HLAGD","pid":14900,"level":30,"msg":"Listening on port 8000","time":"2018-11-30T17:47:04.166Z","v":0}
{"name":"general-log","hostname":"DESKTOP-B3HLAGD","pid":9260,"level":30,"msg":"Express-Boilerplate v1.6.0","time":"2018-11-30T17:51:50.176Z","v":0}
{"name":"general-log","hostname":"DESKTOP-B3HLAGD","pid":9260,"level":30,"msg":"Listening on port 8000","time":"2018-11-30T17:51:50.179Z","v":0}
{"name":"general-log","hostname":"DESKTOP-B3HLAGD","pid":6524,"level":30,"msg":"Express-Boilerplate v1.6.0","time":"2018-11-30T17:53:05.543Z","v":0}
{"name":"general-log","hostname":"DESKTOP-B3HLAGD","pid":6524,"level":30,"msg":"Listening on port 8000","time":"2018-11-30T17:53:05.547Z","v":0}
{"name":"general-log","hostname":"DESKTOP-B3HLAGD","pid":12308,"level":30,"msg":"Express-Boilerplate v1.6.0","time":"2018-11-30T17:53:14.984Z","v":0}
{"name":"general-log","hostname":"DESKTOP-B3HLAGD","pid":12308,"level":30,"msg":"Listening on port 8000","time":"2018-11-30T17:53:14.992Z","v":0}
{"name":"general-log","hostname":"DESKTOP-B3HLAGD","pid":6268,"level":30,"msg":"Express-Boilerplate v1.6.0","time":"2018-11-30T17:53:34.713Z","v":0}
{"name":"general-log","hostname":"DESKTOP-B3HLAGD","pid":6268,"level":30,"msg":"Listening on port 8000","time":"2018-11-30T17:53:34.723Z","v":0}
{"name":"general-log","hostname":"DESKTOP-B3HLAGD","pid":4204,"level":30,"msg":"Express-Boilerplate v1.6.0","time":"2018-11-30T17:54:56.951Z","v":0}
{"name":"general-log","hostname":"DESKTOP-B3HLAGD","pid":4204,"level":30,"msg":"Listening on port 8000","time":"2018-11-30T17:54:56.956Z","v":0}
{"name":"general-log","hostname":"DESKTOP-B3HLAGD","pid":10324,"level":30,"msg":"Express-Boilerplate v1.6.0","time":"2018-11-30T17:55:30.525Z","v":0}
{"name":"general-log","hostname":"DESKTOP-B3HLAGD","pid":10324,"level":30,"msg":"Listening on port 8000","time":"2018-11-30T17:55:30.531Z","v":0}
{"name":"general-log","hostname":"DESKTOP-B3HLAGD","pid":104,"level":30,"msg":"Express-Boilerplate v1.6.0","time":"2018-11-30T17:55:31.868Z","v":0}
{"name":"general-log","hostname":"DESKTOP-B3HLAGD","pid":104,"level":30,"msg":"Listening on port 8000","time":"2018-11-30T17:55:31.873Z","v":0}
{"name":"general-log","hostname":"DESKTOP-B3HLAGD","pid":10972,"level":30,"msg":"Express-Boilerplate v1.6.0","time":"2018-11-30T17:56:02.751Z","v":0}
{"name":"general-log","hostname":"DESKTOP-B3HLAGD","pid":10972,"level":30,"msg":"Listening on port 8000","time":"2018-11-30T17:56:02.756Z","v":0}
{"name":"general-log","hostname":"DESKTOP-B3HLAGD","pid":13836,"level":30,"msg":"Express-Boilerplate v1.6.0","time":"2018-11-30T17:56:04.883Z","v":0}
{"name":"general-log","hostname":"DESKTOP-B3HLAGD","pid":13836,"level":30,"msg":"Listening on port 8000","time":"2018-11-30T17:56:04.887Z","v":0}
{"name":"general-log","hostname":"DESKTOP-B3HLAGD","pid":14236,"level":30,"msg":"Express-Boilerplate v1.6.0","time":"2018-11-30T17:56:16.304Z","v":0}
{"name":"general-log","hostname":"DESKTOP-B3HLAGD","pid":14236,"level":30,"msg":"Listening on port 8000","time":"2018-11-30T17:56:16.313Z","v":0}
{"name":"general-log","hostname":"DESKTOP-B3HLAGD","pid":15284,"level":30,"msg":"Express-Boilerplate v1.6.0","time":"2018-11-30T17:59:57.653Z","v":0}
{"name":"general-log","hostname":"DESKTOP-B3HLAGD","pid":15284,"level":30,"msg":"Listening on port 8000","time":"2018-11-30T17:59:57.656Z","v":0}
{"name":"general-log","hostname":"DESKTOP-B3HLAGD","pid":12612,"level":30,"msg":"Express-Boilerplate v1.6.0","time":"2018-11-30T18:00:11.608Z","v":0}
{"name":"general-log","hostname":"DESKTOP-B3HLAGD","pid":12612,"level":30,"msg":"Listening on port 8000","time":"2018-11-30T18:00:11.617Z","v":0}
{"name":"general-log","hostname":"DESKTOP-B3HLAGD","pid":13972,"level":30,"msg":"Express-Boilerplate v1.6.0","time":"2018-11-30T18:00:26.785Z","v":0}
{"name":"general-log","hostname":"DESKTOP-B3HLAGD","pid":13972,"level":30,"msg":"Listening on port 8000","time":"2018-11-30T18:00:26.790Z","v":0}
{"name":"general-log","hostname":"DESKTOP-B3HLAGD","pid":12412,"level":30,"msg":"Express-Boilerplate v1.6.0","time":"2018-11-30T18:00:32.974Z","v":0}
{"name":"general-log","hostname":"DESKTOP-B3HLAGD","pid":12412,"level":30,"msg":"Listening on port 8000","time":"2018-11-30T18:00:32.980Z","v":0}
{"name":"general-log","hostname":"DESKTOP-B3HLAGD","pid":14020,"level":30,"msg":"Express-Boilerplate v1.6.0","time":"2018-11-30T18:00:44.567Z","v":0}
{"name":"general-log","hostname":"DESKTOP-B3HLAGD","pid":14020,"level":30,"msg":"Listening on port 8000","time":"2018-11-30T18:00:44.571Z","v":0}
{"name":"general-log","hostname":"DESKTOP-B3HLAGD","pid":8396,"level":30,"msg":"Express-Boilerplate v1.6.0","time":"2018-11-30T18:01:41.581Z","v":0}
{"name":"general-log","hostname":"DESKTOP-B3HLAGD","pid":8396,"level":30,"msg":"Listening on port 8000","time":"2018-11-30T18:01:41.585Z","v":0}
{"name":"general-log","hostname":"DESKTOP-B3HLAGD","pid":4820,"level":30,"msg":"Express-Boilerplate v1.6.0","time":"2018-11-30T18:02:11.770Z","v":0}
{"name":"general-log","hostname":"DESKTOP-B3HLAGD","pid":4820,"level":30,"msg":"Listening on port 8000","time":"2018-11-30T18:02:11.773Z","v":0}
{"name":"general-log","hostname":"DESKTOP-B3HLAGD","pid":13152,"level":30,"msg":"Express-Boilerplate v1.6.0","time":"2018-11-30T18:02:39.511Z","v":0}
{"name":"general-log","hostname":"DESKTOP-B3HLAGD","pid":13152,"level":30,"msg":"Listening on port 8000","time":"2018-11-30T18:02:39.515Z","v":0}
{"name":"general-log","hostname":"DESKTOP-B3HLAGD","pid":8172,"level":30,"msg":"Express-Boilerplate v1.6.0","time":"2018-11-30T18:03:00.100Z","v":0}
{"name":"general-log","hostname":"DESKTOP-B3HLAGD","pid":8172,"level":30,"msg":"Listening on port 8000","time":"2018-11-30T18:03:00.103Z","v":0}
{"name":"general-log","hostname":"DESKTOP-B3HLAGD","pid":14344,"level":30,"msg":"Express-Boilerplate v1.6.0","time":"2018-11-30T18:04:50.673Z","v":0}
{"name":"general-log","hostname":"DESKTOP-B3HLAGD","pid":14344,"level":30,"msg":"Listening on port 8000","time":"2018-11-30T18:04:50.677Z","v":0}
{"name":"general-log","hostname":"DESKTOP-B3HLAGD","pid":15448,"level":30,"msg":"Express-Boilerplate v1.6.0","time":"2018-11-30T18:05:47.900Z","v":0}
{"name":"general-log","hostname":"DESKTOP-B3HLAGD","pid":15448,"level":30,"msg":"Listening on port 8000","time":"2018-11-30T18:05:47.910Z","v":0}
{"name":"general-log","hostname":"DESKTOP-B3HLAGD","pid":6260,"level":30,"msg":"Express-Boilerplate v1.6.0","time":"2018-11-30T18:07:09.803Z","v":0}
{"name":"general-log","hostname":"DESKTOP-B3HLAGD","pid":6260,"level":30,"msg":"Listening on port 8000","time":"2018-11-30T18:07:09.808Z","v":0}
{"name":"general-log","hostname":"DESKTOP-B3HLAGD","pid":4904,"level":30,"msg":"Express-Boilerplate v1.6.0","time":"2018-11-30T18:07:17.111Z","v":0}
{"name":"general-log","hostname":"DESKTOP-B3HLAGD","pid":4904,"level":30,"msg":"Listening on port 8000","time":"2018-11-30T18:07:17.117Z","v":0}
{"name":"general-log","hostname":"DESKTOP-B3HLAGD","pid":15840,"level":30,"msg":"Express-Boilerplate v1.6.0","time":"2018-11-30T18:08:44.947Z","v":0}
{"name":"general-log","hostname":"DESKTOP-B3HLAGD","pid":15840,"level":30,"msg":"Listening on port 8000","time":"2018-11-30T18:08:44.951Z","v":0}
{"name":"general-log","hostname":"DESKTOP-B3HLAGD","pid":15752,"level":30,"msg":"Express-Boilerplate v1.6.0","time":"2018-11-30T18:09:00.572Z","v":0}
{"name":"general-log","hostname":"DESKTOP-B3HLAGD","pid":15752,"level":30,"msg":"Listening on port 8000","time":"2018-11-30T18:09:00.576Z","v":0}
{"name":"general-log","hostname":"DESKTOP-B3HLAGD","pid":15856,"level":30,"msg":"Express-Boilerplate v1.6.0","time":"2018-11-30T18:10:03.338Z","v":0}
{"name":"general-log","hostname":"DESKTOP-B3HLAGD","pid":15856,"level":30,"msg":"Listening on port 8000","time":"2018-11-30T18:10:03.343Z","v":0}
{"name":"general-log","hostname":"DESKTOP-B3HLAGD","pid":13452,"level":30,"msg":"Express-Boilerplate v1.6.0","time":"2018-11-30T18:10:41.855Z","v":0}
{"name":"general-log","hostname":"DESKTOP-B3HLAGD","pid":13452,"level":30,"msg":"Listening on port 8000","time":"2018-11-30T18:10:41.859Z","v":0}
{"name":"general-log","hostname":"DESKTOP-B3HLAGD","pid":12604,"level":30,"msg":"Express-Boilerplate v1.6.0","time":"2018-11-30T18:21:26.311Z","v":0}
{"name":"general-log","hostname":"DESKTOP-B3HLAGD","pid":12604,"level":30,"msg":"Listening on port 8000","time":"2018-11-30T18:21:26.327Z","v":0}
{"name":"general-log","hostname":"DESKTOP-B3HLAGD","pid":752,"level":30,"msg":"Express-Boilerplate v1.6.0","time":"2018-11-30T18:34:33.985Z","v":0}
{"name":"general-log","hostname":"DESKTOP-B3HLAGD","pid":752,"level":30,"msg":"Listening on port 8000","time":"2018-11-30T18:34:33.988Z","v":0}
{"name":"general-log","hostname":"DESKTOP-B3HLAGD","pid":14820,"level":30,"msg":"Express-Boilerplate v1.6.0","time":"2018-11-30T18:34:54.572Z","v":0}
{"name":"general-log","hostname":"DESKTOP-B3HLAGD","pid":14820,"level":30,"msg":"Listening on port 8000","time":"2018-11-30T18:34:54.581Z","v":0}
{"name":"general-log","hostname":"DESKTOP-B3HLAGD","pid":6196,"level":30,"msg":"Express-Boilerplate v1.6.0","time":"2018-11-30T18:35:15.218Z","v":0}
{"name":"general-log","hostname":"DESKTOP-B3HLAGD","pid":6196,"level":30,"msg":"Listening on port 8000","time":"2018-11-30T18:35:15.223Z","v":0}
{"name":"general-log","hostname":"DESKTOP-B3HLAGD","pid":6736,"level":30,"msg":"Express-Boilerplate v1.6.0","time":"2018-11-30T18:52:26.205Z","v":0}
{"name":"general-log","hostname":"DESKTOP-B3HLAGD","pid":6736,"level":30,"msg":"Listening on port 8000","time":"2018-11-30T18:52:26.208Z","v":0}
{"name":"general-log","hostname":"DESKTOP-B3HLAGD","pid":4384,"level":30,"msg":"Express-Boilerplate v1.6.0","time":"2018-11-30T18:56:10.271Z","v":0}
{"name":"general-log","hostname":"DESKTOP-B3HLAGD","pid":4384,"level":30,"msg":"Listening on port 8000","time":"2018-11-30T18:56:10.278Z","v":0}
{"name":"general-log","hostname":"DESKTOP-B3HLAGD","pid":14312,"level":30,"msg":"Express-Boilerplate v1.6.0","time":"2018-11-30T18:56:14.079Z","v":0}
{"name":"general-log","hostname":"DESKTOP-B3HLAGD","pid":14312,"level":30,"msg":"Listening on port 8000","time":"2018-11-30T18:56:14.091Z","v":0}
{"name":"general-log","hostname":"DESKTOP-B3HLAGD","pid":16368,"level":30,"msg":"Express-Boilerplate v1.6.0","time":"2018-11-30T19:06:43.932Z","v":0}
{"name":"general-log","hostname":"DESKTOP-B3HLAGD","pid":16368,"level":30,"msg":"Listening on port 8000","time":"2018-11-30T19:06:43.936Z","v":0}
{"name":"general-log","hostname":"DESKTOP-B3HLAGD","pid":2252,"level":30,"msg":"Express-Boilerplate v1.6.0","time":"2018-11-30T19:06:48.987Z","v":0}
{"name":"general-log","hostname":"DESKTOP-B3HLAGD","pid":2252,"level":30,"msg":"Listening on port 8000","time":"2018-11-30T19:06:48.990Z","v":0}
{"name":"general-log","hostname":"DESKTOP-B3HLAGD","pid":8704,"level":30,"msg":"Express-Boilerplate v1.6.0","time":"2018-11-30T19:06:50.228Z","v":0}
{"name":"general-log","hostname":"DESKTOP-B3HLAGD","pid":8704,"level":30,"msg":"Listening on port 8000","time":"2018-11-30T19:06:50.240Z","v":0}
{"name":"general-log","hostname":"DESKTOP-B3HLAGD","pid":15080,"level":30,"msg":"Express-Boilerplate v1.6.0","time":"2018-11-30T19:09:07.646Z","v":0}
{"name":"general-log","hostname":"DESKTOP-B3HLAGD","pid":15080,"level":30,"msg":"Listening on port 8000","time":"2018-11-30T19:09:07.649Z","v":0}
{"name":"general-log","hostname":"DESKTOP-B3HLAGD","pid":7880,"level":30,"msg":"Express-Boilerplate v1.6.0","time":"2018-11-30T19:09:19.900Z","v":0}
{"name":"general-log","hostname":"DESKTOP-B3HLAGD","pid":7880,"level":30,"msg":"Listening on port 8000","time":"2018-11-30T19:09:19.905Z","v":0}
{"name":"general-log","hostname":"DESKTOP-B3HLAGD","pid":14772,"level":30,"msg":"Express-Boilerplate v1.6.0","time":"2018-11-30T19:09:30.273Z","v":0}
{"name":"general-log","hostname":"DESKTOP-B3HLAGD","pid":14772,"level":30,"msg":"Listening on port 8000","time":"2018-11-30T19:09:30.277Z","v":0}
{"name":"general-log","hostname":"DESKTOP-B3HLAGD","pid":1584,"level":30,"msg":"Express-Boilerplate v1.6.0","time":"2018-11-30T19:09:33.669Z","v":0}
{"name":"general-log","hostname":"DESKTOP-B3HLAGD","pid":1584,"level":30,"msg":"Listening on port 8000","time":"2018-11-30T19:09:33.672Z","v":0}
{"name":"general-log","hostname":"DESKTOP-B3HLAGD","pid":14824,"level":30,"msg":"Express-Boilerplate v1.6.0","time":"2018-11-30T19:18:01.822Z","v":0}
{"name":"general-log","hostname":"DESKTOP-B3HLAGD","pid":14824,"level":30,"msg":"Listening on port 8000","time":"2018-11-30T19:18:01.826Z","v":0}
{"name":"general-log","hostname":"DESKTOP-B3HLAGD","pid":10700,"level":30,"msg":"Express-Boilerplate v1.6.0","time":"2018-11-30T19:18:07.851Z","v":0}
{"name":"general-log","hostname":"DESKTOP-B3HLAGD","pid":10700,"level":30,"msg":"Listening on port 8000","time":"2018-11-30T19:18:07.854Z","v":0}
{"name":"general-log","hostname":"DESKTOP-B3HLAGD","pid":14048,"level":30,"msg":"Express-Boilerplate v1.6.0","time":"2018-11-30T19:23:26.466Z","v":0}
{"name":"general-log","hostname":"DESKTOP-B3HLAGD","pid":14048,"level":30,"msg":"Listening on port 8000","time":"2018-11-30T19:23:26.472Z","v":0}
{"name":"general-log","hostname":"DESKTOP-B3HLAGD","pid":4676,"level":30,"msg":"Express-Boilerplate v1.6.0","time":"2018-11-30T19:43:12.204Z","v":0}
{"name":"general-log","hostname":"DESKTOP-B3HLAGD","pid":4676,"level":30,"msg":"Listening on port 8000","time":"2018-11-30T19:43:12.212Z","v":0}
{"name":"general-log","hostname":"DESKTOP-B3HLAGD","pid":7028,"level":30,"msg":"Express-Boilerplate v1.6.0","time":"2018-11-30T19:43:34.361Z","v":0}
{"name":"general-log","hostname":"DESKTOP-B3HLAGD","pid":7028,"level":30,"msg":"Listening on port 8000","time":"2018-11-30T19:43:34.364Z","v":0}
{"name":"general-log","hostname":"DESKTOP-B3HLAGD","pid":13148,"level":30,"msg":"Express-Boilerplate v1.6.0","time":"2018-11-30T19:49:12.641Z","v":0}
{"name":"general-log","hostname":"DESKTOP-B3HLAGD","pid":13148,"level":30,"msg":"Listening on port 8000","time":"2018-11-30T19:49:12.645Z","v":0}
{"name":"general-log","hostname":"DESKTOP-B3HLAGD","pid":12868,"level":30,"msg":"Express-Boilerplate v1.6.0","time":"2018-11-30T19:49:28.644Z","v":0}
{"name":"general-log","hostname":"DESKTOP-B3HLAGD","pid":12868,"level":30,"msg":"Listening on port 8000","time":"2018-11-30T19:49:28.648Z","v":0}
{"name":"general-log","hostname":"DESKTOP-B3HLAGD","pid":8436,"level":30,"msg":"Express-Boilerplate v1.6.0","time":"2018-11-30T19:50:31.306Z","v":0}
{"name":"general-log","hostname":"DESKTOP-B3HLAGD","pid":8436,"level":30,"msg":"Listening on port 8000","time":"2018-11-30T19:50:31.313Z","v":0}
{"name":"general-log","hostname":"DESKTOP-B3HLAGD","pid":14468,"level":30,"msg":"Express-Boilerplate v1.6.0","time":"2018-11-30T19:51:26.455Z","v":0}
{"name":"general-log","hostname":"DESKTOP-B3HLAGD","pid":14468,"level":30,"msg":"Listening on port 8000","time":"2018-11-30T19:51:26.458Z","v":0}
{"name":"general-log","hostname":"DESKTOP-B3HLAGD","pid":14664,"level":30,"msg":"Express-Boilerplate v1.6.0","time":"2018-11-30T19:51:27.365Z","v":0}
{"name":"general-log","hostname":"DESKTOP-B3HLAGD","pid":14664,"level":30,"msg":"Listening on port 8000","time":"2018-11-30T19:51:27.375Z","v":0}
{"name":"general-log","hostname":"DESKTOP-B3HLAGD","pid":13600,"level":30,"msg":"Express-Boilerplate v1.6.0","time":"2018-11-30T20:05:16.024Z","v":0}
{"name":"general-log","hostname":"DESKTOP-B3HLAGD","pid":13600,"level":30,"msg":"Listening on port 8000","time":"2018-11-30T20:05:16.028Z","v":0}
{"name":"general-log","hostname":"DESKTOP-B3HLAGD","pid":15500,"level":30,"msg":"Express-Boilerplate v1.6.0","time":"2018-11-30T20:05:36.355Z","v":0}
{"name":"general-log","hostname":"DESKTOP-B3HLAGD","pid":15500,"level":30,"msg":"Listening on port 8000","time":"2018-11-30T20:05:36.358Z","v":0}
{"name":"general-log","hostname":"DESKTOP-B3HLAGD","pid":13252,"level":30,"msg":"Express-Boilerplate v1.6.0","time":"2018-11-30T20:05:54.331Z","v":0}
{"name":"general-log","hostname":"DESKTOP-B3HLAGD","pid":13252,"level":30,"msg":"Listening on port 8000","time":"2018-11-30T20:05:54.335Z","v":0}
{"name":"general-log","hostname":"DESKTOP-B3HLAGD","pid":13148,"level":30,"msg":"Express-Boilerplate v1.6.0","time":"2018-11-30T20:06:05.054Z","v":0}
{"name":"general-log","hostname":"DESKTOP-B3HLAGD","pid":13148,"level":30,"msg":"Listening on port 8000","time":"2018-11-30T20:06:05.057Z","v":0}
{"name":"general-log","hostname":"DESKTOP-B3HLAGD","pid":7656,"level":30,"msg":"Express-Boilerplate v1.6.0","time":"2018-11-30T20:06:35.774Z","v":0}
{"name":"general-log","hostname":"DESKTOP-B3HLAGD","pid":7656,"level":30,"msg":"Listening on port 8000","time":"2018-11-30T20:06:35.778Z","v":0}
{"name":"general-log","hostname":"DESKTOP-B3HLAGD","pid":1504,"level":30,"msg":"Express-Boilerplate v1.6.0","time":"2018-11-30T20:06:41.955Z","v":0}
{"name":"general-log","hostname":"DESKTOP-B3HLAGD","pid":1504,"level":30,"msg":"Listening on port 8000","time":"2018-11-30T20:06:41.959Z","v":0}
{"name":"general-log","hostname":"DESKTOP-B3HLAGD","pid":2376,"level":30,"msg":"Express-Boilerplate v1.6.0","time":"2018-11-30T20:06:53.410Z","v":0}
{"name":"general-log","hostname":"DESKTOP-B3HLAGD","pid":2376,"level":30,"msg":"Listening on port 8000","time":"2018-11-30T20:06:53.413Z","v":0}
{"name":"general-log","hostname":"DESKTOP-B3HLAGD","pid":3096,"level":30,"msg":"Express-Boilerplate v1.6.0","time":"2018-11-30T20:07:20.851Z","v":0}
{"name":"general-log","hostname":"DESKTOP-B3HLAGD","pid":3096,"level":30,"msg":"Listening on port 8000","time":"2018-11-30T20:07:20.854Z","v":0}
{"name":"general-log","hostname":"DESKTOP-B3HLAGD","pid":3960,"level":30,"msg":"Express-Boilerplate v1.6.0","time":"2018-11-30T20:10:21.904Z","v":0}
{"name":"general-log","hostname":"DESKTOP-B3HLAGD","pid":3960,"level":30,"msg":"Listening on port 8000","time":"2018-11-30T20:10:21.907Z","v":0}
{"name":"general-log","hostname":"DESKTOP-B3HLAGD","pid":6836,"level":30,"msg":"Express-Boilerplate v1.6.0","time":"2018-11-30T20:21:04.636Z","v":0}
{"name":"general-log","hostname":"DESKTOP-B3HLAGD","pid":6836,"level":30,"msg":"Listening on port 8000","time":"2018-11-30T20:21:04.641Z","v":0}
{"name":"general-log","hostname":"DESKTOP-B3HLAGD","pid":6136,"level":30,"msg":"Express-Boilerplate v1.6.0","time":"2018-11-30T20:30:04.511Z","v":0}
{"name":"general-log","hostname":"DESKTOP-B3HLAGD","pid":6136,"level":30,"msg":"Listening on port 8000","time":"2018-11-30T20:30:04.516Z","v":0}
{"name":"general-log","hostname":"DESKTOP-B3HLAGD","pid":4660,"level":30,"msg":"Express-Boilerplate v1.6.0","time":"2018-11-30T20:30:27.058Z","v":0}
{"name":"general-log","hostname":"DESKTOP-B3HLAGD","pid":4660,"level":30,"msg":"Listening on port 8000","time":"2018-11-30T20:30:27.061Z","v":0}
{"name":"general-log","hostname":"DESKTOP-B3HLAGD","pid":6624,"level":30,"msg":"Express-Boilerplate v1.6.0","time":"2018-11-30T20:31:03.363Z","v":0}
{"name":"general-log","hostname":"DESKTOP-B3HLAGD","pid":6624,"level":30,"msg":"Listening on port 8000","time":"2018-11-30T20:31:03.367Z","v":0}
{"name":"general-log","hostname":"DESKTOP-B3HLAGD","pid":3076,"level":30,"msg":"Express-Boilerplate v1.6.0","time":"2018-11-30T20:31:05.679Z","v":0}
{"name":"general-log","hostname":"DESKTOP-B3HLAGD","pid":3076,"level":30,"msg":"Listening on port 8000","time":"2018-11-30T20:31:05.683Z","v":0}
{"name":"general-log","hostname":"DESKTOP-B3HLAGD","pid":15752,"level":30,"msg":"Express-Boilerplate v1.6.0","time":"2018-11-30T20:31:31.525Z","v":0}
{"name":"general-log","hostname":"DESKTOP-B3HLAGD","pid":15752,"level":30,"msg":"Listening on port 8000","time":"2018-11-30T20:31:31.528Z","v":0}
{"name":"general-log","hostname":"DESKTOP-B3HLAGD","pid":4544,"level":30,"msg":"Express-Boilerplate v1.6.0","time":"2018-11-30T20:33:35.686Z","v":0}
{"name":"general-log","hostname":"DESKTOP-B3HLAGD","pid":4544,"level":30,"msg":"Listening on port 8000","time":"2018-11-30T20:33:35.690Z","v":0}
{"name":"general-log","hostname":"DESKTOP-B3HLAGD","pid":796,"level":30,"msg":"Express-Boilerplate v1.6.0","time":"2018-11-30T20:33:57.018Z","v":0}
{"name":"general-log","hostname":"DESKTOP-B3HLAGD","pid":796,"level":30,"msg":"Listening on port 8000","time":"2018-11-30T20:33:57.021Z","v":0}
{"name":"general-log","hostname":"DESKTOP-B3HLAGD","pid":4176,"level":30,"msg":"Express-Boilerplate v1.6.0","time":"2018-11-30T20:34:00.880Z","v":0}
{"name":"general-log","hostname":"DESKTOP-B3HLAGD","pid":4176,"level":30,"msg":"Listening on port 8000","time":"2018-11-30T20:34:00.883Z","v":0}
{"name":"general-log","hostname":"DESKTOP-B3HLAGD","pid":15108,"level":30,"msg":"Express-Boilerplate v1.6.0","time":"2018-11-30T20:35:11.264Z","v":0}
{"name":"general-log","hostname":"DESKTOP-B3HLAGD","pid":15108,"level":30,"msg":"Listening on port 8000","time":"2018-11-30T20:35:11.268Z","v":0}
{"name":"general-log","hostname":"DESKTOP-B3HLAGD","pid":12908,"level":30,"msg":"Express-Boilerplate v1.6.0","time":"2018-11-30T20:36:00.668Z","v":0}
{"name":"general-log","hostname":"DESKTOP-B3HLAGD","pid":12908,"level":30,"msg":"Listening on port 8000","time":"2018-11-30T20:36:00.671Z","v":0}
{"name":"general-log","hostname":"DESKTOP-B3HLAGD","pid":14004,"level":30,"msg":"Express-Boilerplate v1.6.0","time":"2018-11-30T20:36:25.125Z","v":0}
{"name":"general-log","hostname":"DESKTOP-B3HLAGD","pid":14004,"level":30,"msg":"Listening on port 8000","time":"2018-11-30T20:36:25.128Z","v":0}
{"name":"general-log","hostname":"DESKTOP-B3HLAGD","pid":12228,"level":30,"msg":"Express-Boilerplate v1.6.0","time":"2018-11-30T20:36:27.768Z","v":0}
{"name":"general-log","hostname":"DESKTOP-B3HLAGD","pid":12228,"level":30,"msg":"Listening on port 8000","time":"2018-11-30T20:36:27.771Z","v":0}
{"name":"general-log","hostname":"G2C43","pid":17052,"level":30,"msg":"Express-Boilerplate v1.6.0","time":"2018-12-01T17:37:35.471Z","v":0}
{"name":"general-log","hostname":"G2C43","pid":17052,"level":30,"msg":"Listening on port 3000","time":"2018-12-01T17:37:35.474Z","v":0}
{"name":"general-log","hostname":"G2C43","pid":1044,"level":30,"msg":"Express-Boilerplate v1.6.0","time":"2018-12-01T17:37:36.820Z","v":0}
{"name":"general-log","hostname":"G2C43","pid":1044,"level":30,"msg":"Listening on port 3000","time":"2018-12-01T17:37:36.820Z","v":0}
{"name":"general-log","hostname":"G2C43","pid":15084,"level":30,"msg":"Express-Boilerplate v1.6.0","time":"2018-12-01T17:54:09.726Z","v":0}
{"name":"general-log","hostname":"G2C43","pid":15084,"level":30,"msg":"Listening on port 3000","time":"2018-12-01T17:54:09.729Z","v":0}
{"name":"general-log","hostname":"G2C43","pid":15340,"level":30,"msg":"Express-Boilerplate v1.6.0","time":"2018-12-01T18:01:52.685Z","v":0}
{"name":"general-log","hostname":"G2C43","pid":15340,"level":30,"msg":"Listening on port 3000","time":"2018-12-01T18:01:52.688Z","v":0}
{"name":"general-log","hostname":"G2C43","pid":3116,"level":30,"msg":"Express-Boilerplate v1.6.0","time":"2018-12-01T18:02:09.014Z","v":0}
{"name":"general-log","hostname":"G2C43","pid":3116,"level":30,"msg":"Listening on port 3000","time":"2018-12-01T18:02:09.019Z","v":0}
{"name":"general-log","hostname":"G2C43","pid":18148,"level":30,"msg":"Express-Boilerplate v1.6.0","time":"2018-12-01T18:02:29.861Z","v":0}
{"name":"general-log","hostname":"G2C43","pid":18148,"level":30,"msg":"Listening on port 3000","time":"2018-12-01T18:02:29.865Z","v":0}
{"name":"general-log","hostname":"G2C43","pid":4544,"level":30,"msg":"Express-Boilerplate v1.6.0","time":"2018-12-01T18:02:46.709Z","v":0}
{"name":"general-log","hostname":"G2C43","pid":4544,"level":30,"msg":"Listening on port 3000","time":"2018-12-01T18:02:46.713Z","v":0}
{"name":"general-log","hostname":"G2C43","pid":14720,"level":30,"msg":"Express-Boilerplate v1.6.0","time":"2018-12-01T18:03:47.465Z","v":0}
{"name":"general-log","hostname":"G2C43","pid":14720,"level":30,"msg":"Listening on port 3000","time":"2018-12-01T18:03:47.470Z","v":0}
{"name":"general-log","hostname":"G2C43","pid":2932,"level":30,"msg":"Express-Boilerplate v1.6.0","time":"2018-12-01T18:03:56.429Z","v":0}
{"name":"general-log","hostname":"G2C43","pid":2932,"level":30,"msg":"Listening on port 3000","time":"2018-12-01T18:03:56.434Z","v":0}
{"name":"general-log","hostname":"G2C43","pid":5620,"level":30,"msg":"Express-Boilerplate v1.6.0","time":"2018-12-01T18:04:02.495Z","v":0}
{"name":"general-log","hostname":"G2C43","pid":5620,"level":30,"msg":"Listening on port 3000","time":"2018-12-01T18:04:02.499Z","v":0}
{"name":"general-log","hostname":"G2C43","pid":17984,"level":30,"msg":"Express-Boilerplate v1.6.0","time":"2018-12-01T18:04:03.373Z","v":0}
{"name":"general-log","hostname":"G2C43","pid":17984,"level":30,"msg":"Listening on port 3000","time":"2018-12-01T18:04:03.378Z","v":0}
{"name":"general-log","hostname":"G2C43","pid":676,"level":30,"msg":"Express-Boilerplate v1.6.0","time":"2018-12-01T18:04:08.695Z","v":0}
{"name":"general-log","hostname":"G2C43","pid":676,"level":30,"msg":"Listening on port 3000","time":"2018-12-01T18:04:08.700Z","v":0}
{"name":"general-log","hostname":"G2C43","pid":1492,"level":30,"msg":"Express-Boilerplate v1.6.0","time":"2018-12-01T18:04:53.960Z","v":0}
{"name":"general-log","hostname":"G2C43","pid":1492,"level":30,"msg":"Listening on port 3000","time":"2018-12-01T18:04:53.964Z","v":0}
{"name":"general-log","hostname":"G2C43","pid":14420,"level":30,"msg":"Express-Boilerplate v1.6.0","time":"2018-12-01T18:05:11.021Z","v":0}
{"name":"general-log","hostname":"G2C43","pid":14420,"level":30,"msg":"Listening on port 3000","time":"2018-12-01T18:05:11.026Z","v":0}
{"name":"general-log","hostname":"G2C43","pid":13720,"level":30,"msg":"Express-Boilerplate v1.6.0","time":"2018-12-01T18:05:29.698Z","v":0}
{"name":"general-log","hostname":"G2C43","pid":13720,"level":30,"msg":"Listening on port 3000","time":"2018-12-01T18:05:29.702Z","v":0}
{"name":"general-log","hostname":"G2C43","pid":17728,"level":30,"msg":"Express-Boilerplate v1.6.0","time":"2018-12-01T18:06:22.050Z","v":0}
{"name":"general-log","hostname":"G2C43","pid":17728,"level":30,"msg":"Listening on port 3000","time":"2018-12-01T18:06:22.056Z","v":0}
{"name":"general-log","hostname":"G2C43","pid":9808,"level":30,"msg":"Express-Boilerplate v1.6.0","time":"2018-12-01T18:09:36.409Z","v":0}
{"name":"general-log","hostname":"G2C43","pid":9808,"level":30,"msg":"Listening on port 3000","time":"2018-12-01T18:09:36.412Z","v":0}
{"name":"general-log","hostname":"G2C43","pid":17272,"level":30,"msg":"Express-Boilerplate v1.6.0","time":"2018-12-01T18:09:41.749Z","v":0}
{"name":"general-log","hostname":"G2C43","pid":17272,"level":30,"msg":"Listening on port 3000","time":"2018-12-01T18:09:41.751Z","v":0}
{"name":"general-log","hostname":"G2C43","pid":5556,"level":30,"msg":"Express-Boilerplate v1.6.0","time":"2018-12-01T18:09:53.156Z","v":0}
{"name":"general-log","hostname":"G2C43","pid":5556,"level":30,"msg":"Listening on port 3000","time":"2018-12-01T18:09:53.159Z","v":0}
{"name":"general-log","hostname":"G2C43","pid":2528,"level":30,"msg":"Express-Boilerplate v1.6.0","time":"2018-12-01T18:10:00.355Z","v":0}
{"name":"general-log","hostname":"G2C43","pid":2528,"level":30,"msg":"Listening on port 3000","time":"2018-12-01T18:10:00.359Z","v":0}
{"name":"general-log","hostname":"G2C43","pid":16600,"level":30,"msg":"Express-Boilerplate v1.6.0","time":"2018-12-01T18:14:43.414Z","v":0}
{"name":"general-log","hostname":"G2C43","pid":16600,"level":30,"msg":"Listening on port 3000","time":"2018-12-01T18:14:43.416Z","v":0}
{"name":"general-log","hostname":"G2C43","pid":1160,"level":30,"msg":"Express-Boilerplate v1.6.0","time":"2018-12-01T18:14:53.460Z","v":0}
{"name":"general-log","hostname":"G2C43","pid":1160,"level":30,"msg":"Listening on port 3000","time":"2018-12-01T18:14:53.462Z","v":0}
{"name":"general-log","hostname":"G2C43","pid":3420,"level":30,"msg":"Express-Boilerplate v1.6.0","time":"2018-12-01T19:24:36.634Z","v":0}
{"name":"general-log","hostname":"G2C43","pid":3420,"level":30,"msg":"Listening on port 3000","time":"2018-12-01T19:24:36.637Z","v":0}
{"name":"general-log","hostname":"G2C43","pid":18272,"level":30,"msg":"Express-Boilerplate v1.6.0","time":"2018-12-01T19:33:12.724Z","v":0}
{"name":"general-log","hostname":"G2C43","pid":18272,"level":30,"msg":"Listening on port 3000","time":"2018-12-01T19:33:12.726Z","v":0}
{"name":"general-log","hostname":"G2C43","pid":14936,"level":30,"msg":"Express-Boilerplate v1.6.0","time":"2018-12-01T19:36:52.350Z","v":0}
{"name":"general-log","hostname":"G2C43","pid":14936,"level":30,"msg":"Listening on port 3000","time":"2018-12-01T19:36:52.354Z","v":0}
{"name":"general-log","hostname":"G2C43","pid":2360,"level":30,"msg":"Express-Boilerplate v1.6.0","time":"2018-12-01T19:38:15.059Z","v":0}
{"name":"general-log","hostname":"G2C43","pid":2360,"level":30,"msg":"Listening on port 3000","time":"2018-12-01T19:38:15.061Z","v":0}
{"name":"general-log","hostname":"G2C43","pid":3812,"level":30,"msg":"Express-Boilerplate v1.6.0","time":"2018-12-01T19:39:15.438Z","v":0}
{"name":"general-log","hostname":"G2C43","pid":3812,"level":30,"msg":"Listening on port 3000","time":"2018-12-01T19:39:15.440Z","v":0}
{"name":"general-log","hostname":"G2C43","pid":9512,"level":30,"msg":"Express-Boilerplate v1.6.0","time":"2018-12-01T19:40:03.518Z","v":0}
{"name":"general-log","hostname":"G2C43","pid":9512,"level":30,"msg":"Listening on port 3000","time":"2018-12-01T19:40:03.524Z","v":0}
{"name":"general-log","hostname":"G2C43","pid":15056,"level":30,"msg":"Express-Boilerplate v1.6.0","time":"2018-12-01T19:40:51.980Z","v":0}
{"name":"general-log","hostname":"G2C43","pid":15056,"level":30,"msg":"Listening on port 3000","time":"2018-12-01T19:40:51.987Z","v":0}
{"name":"general-log","hostname":"G2C43","pid":14520,"level":30,"msg":"Express-Boilerplate v1.6.0","time":"2018-12-01T19:42:52.106Z","v":0}
{"name":"general-log","hostname":"G2C43","pid":14520,"level":30,"msg":"Listening on port 3000","time":"2018-12-01T19:42:52.112Z","v":0}
{"name":"general-log","hostname":"G2C43","pid":15628,"level":30,"msg":"Express-Boilerplate v1.6.0","time":"2018-12-01T19:42:57.828Z","v":0}
{"name":"general-log","hostname":"G2C43","pid":15628,"level":30,"msg":"Listening on port 3000","time":"2018-12-01T19:42:57.832Z","v":0}
{"name":"general-log","hostname":"G2C43","pid":2296,"level":30,"msg":"Express-Boilerplate v1.6.0","time":"2018-12-01T19:43:02.100Z","v":0}
{"name":"general-log","hostname":"G2C43","pid":2296,"level":30,"msg":"Listening on port 3000","time":"2018-12-01T19:43:02.105Z","v":0}
{"name":"general-log","hostname":"G2C43","pid":1160,"level":30,"msg":"Express-Boilerplate v1.6.0","time":"2018-12-01T19:43:04.959Z","v":0}
{"name":"general-log","hostname":"G2C43","pid":1160,"level":30,"msg":"Listening on port 3000","time":"2018-12-01T19:43:04.964Z","v":0}
{"name":"general-log","hostname":"G2C43","pid":11084,"level":30,"msg":"Express-Boilerplate v1.6.0","time":"2018-12-01T19:43:25.772Z","v":0}
{"name":"general-log","hostname":"G2C43","pid":11084,"level":30,"msg":"Listening on port 3000","time":"2018-12-01T19:43:25.778Z","v":0}
{"name":"general-log","hostname":"G2C43","pid":13440,"level":30,"msg":"Express-Boilerplate v1.6.0","time":"2018-12-01T19:44:21.797Z","v":0}
{"name":"general-log","hostname":"G2C43","pid":13440,"level":30,"msg":"Listening on port 3000","time":"2018-12-01T19:44:21.801Z","v":0}
{"name":"general-log","hostname":"G2C43","pid":16176,"level":30,"msg":"Express-Boilerplate v1.6.0","time":"2018-12-01T19:44:26.750Z","v":0}
{"name":"general-log","hostname":"G2C43","pid":16176,"level":30,"msg":"Listening on port 3000","time":"2018-12-01T19:44:26.752Z","v":0}
{"name":"general-log","hostname":"G2C43","pid":15284,"level":30,"msg":"Express-Boilerplate v1.6.0","time":"2018-12-01T19:45:48.282Z","v":0}
{"name":"general-log","hostname":"G2C43","pid":15284,"level":30,"msg":"Listening on port 3000","time":"2018-12-01T19:45:48.287Z","v":0}
{"name":"general-log","hostname":"G2C43","pid":17084,"level":30,"msg":"Express-Boilerplate v1.6.0","time":"2018-12-01T19:50:00.528Z","v":0}
{"name":"general-log","hostname":"G2C43","pid":17084,"level":30,"msg":"Listening on port 3000","time":"2018-12-01T19:50:00.532Z","v":0}
{"name":"general-log","hostname":"G2C43","pid":16656,"level":30,"msg":"Express-Boilerplate v1.6.0","time":"2018-12-01T19:56:21.631Z","v":0}
{"name":"general-log","hostname":"G2C43","pid":16656,"level":30,"msg":"Listening on port 3000","time":"2018-12-01T19:56:21.636Z","v":0}
{"name":"general-log","hostname":"G2C43","pid":13316,"level":30,"msg":"Express-Boilerplate v1.6.0","time":"2018-12-01T19:56:22.851Z","v":0}
{"name":"general-log","hostname":"G2C43","pid":13316,"level":30,"msg":"Listening on port 3000","time":"2018-12-01T19:56:22.856Z","v":0}
{"name":"general-log","hostname":"G2C43","pid":11852,"level":30,"msg":"Express-Boilerplate v1.6.0","time":"2018-12-01T19:56:31.227Z","v":0}
{"name":"general-log","hostname":"G2C43","pid":11852,"level":30,"msg":"Listening on port 3000","time":"2018-12-01T19:56:31.232Z","v":0}
{"name":"general-log","hostname":"G2C43","pid":14680,"level":30,"msg":"Express-Boilerplate v1.6.0","time":"2018-12-01T20:03:27.808Z","v":0}
{"name":"general-log","hostname":"G2C43","pid":14680,"level":30,"msg":"Listening on port 3000","time":"2018-12-01T20:03:27.811Z","v":0}
{"name":"general-log","hostname":"G2C43","pid":2920,"level":30,"msg":"Express-Boilerplate v1.6.0","time":"2018-12-01T20:03:37.086Z","v":0}
{"name":"general-log","hostname":"G2C43","pid":2920,"level":30,"msg":"Listening on port 3000","time":"2018-12-01T20:03:37.098Z","v":0}
{"name":"general-log","hostname":"G2C43","pid":9556,"level":30,"msg":"Express-Boilerplate v1.6.0","time":"2018-12-01T20:03:56.100Z","v":0}
{"name":"general-log","hostname":"G2C43","pid":9556,"level":30,"msg":"Listening on port 3000","time":"2018-12-01T20:03:56.105Z","v":0}
{"name":"general-log","hostname":"G2C43","pid":892,"level":30,"msg":"Express-Boilerplate v1.6.0","time":"2018-12-01T20:04:03.566Z","v":0}
{"name":"general-log","hostname":"G2C43","pid":892,"level":30,"msg":"Listening on port 3000","time":"2018-12-01T20:04:03.569Z","v":0}
{"name":"general-log","hostname":"G2C43","pid":17568,"level":30,"msg":"Express-Boilerplate v1.6.0","time":"2018-12-01T20:04:08.908Z","v":0}
{"name":"general-log","hostname":"G2C43","pid":17568,"level":30,"msg":"Listening on port 3000","time":"2018-12-01T20:04:08.910Z","v":0}
{"name":"general-log","hostname":"G2C43","pid":16944,"level":30,"msg":"Express-Boilerplate v1.6.0","time":"2018-12-01T20:04:26.500Z","v":0}
{"name":"general-log","hostname":"G2C43","pid":16944,"level":30,"msg":"Listening on port 3000","time":"2018-12-01T20:04:26.504Z","v":0}
{"name":"general-log","hostname":"G2C43","pid":3716,"level":30,"msg":"Express-Boilerplate v1.6.0","time":"2018-12-01T20:05:43.743Z","v":0}
{"name":"general-log","hostname":"G2C43","pid":3716,"level":30,"msg":"Listening on port 3000","time":"2018-12-01T20:05:43.748Z","v":0}
{"name":"general-log","hostname":"G2C43","pid":17444,"level":30,"msg":"Express-Boilerplate v1.6.0","time":"2018-12-01T20:05:47.403Z","v":0}
{"name":"general-log","hostname":"G2C43","pid":17444,"level":30,"msg":"Listening on port 3000","time":"2018-12-01T20:05:47.410Z","v":0}
{"name":"general-log","hostname":"G2C43","pid":17288,"level":30,"msg":"Express-Boilerplate v1.6.0","time":"2018-12-01T20:06:02.837Z","v":0}
{"name":"general-log","hostname":"G2C43","pid":17288,"level":30,"msg":"Listening on port 3000","time":"2018-12-01T20:06:02.842Z","v":0}
{"name":"general-log","hostname":"G2C43","pid":10848,"level":30,"msg":"Express-Boilerplate v1.6.0","time":"2018-12-01T20:12:36.125Z","v":0}
{"name":"general-log","hostname":"G2C43","pid":10848,"level":30,"msg":"Listening on port 3000","time":"2018-12-01T20:12:36.131Z","v":0}
{"name":"general-log","hostname":"G2C43","pid":17664,"level":30,"msg":"Express-Boilerplate v1.6.0","time":"2018-12-01T20:12:59.592Z","v":0}
{"name":"general-log","hostname":"G2C43","pid":17664,"level":30,"msg":"Listening on port 3000","time":"2018-12-01T20:12:59.597Z","v":0}
{"name":"general-log","hostname":"G2C43","pid":14224,"level":30,"msg":"Express-Boilerplate v1.6.0","time":"2018-12-01T20:14:55.023Z","v":0}
{"name":"general-log","hostname":"G2C43","pid":14224,"level":30,"msg":"Listening on port 3000","time":"2018-12-01T20:14:55.029Z","v":0}
{"name":"general-log","hostname":"G2C43","pid":1100,"level":30,"msg":"Express-Boilerplate v1.6.0","time":"2018-12-01T20:15:00.670Z","v":0}
{"name":"general-log","hostname":"G2C43","pid":1100,"level":30,"msg":"Listening on port 3000","time":"2018-12-01T20:15:00.675Z","v":0}
{"name":"general-log","hostname":"G2C43","pid":17976,"level":30,"msg":"Express-Boilerplate v1.6.0","time":"2018-12-01T20:15:07.366Z","v":0}
{"name":"general-log","hostname":"G2C43","pid":17976,"level":30,"msg":"Listening on port 3000","time":"2018-12-01T20:15:07.371Z","v":0}
{"name":"general-log","hostname":"G2C43","pid":4016,"level":30,"msg":"Express-Boilerplate v1.6.0","time":"2018-12-01T20:21:22.495Z","v":0}
{"name":"general-log","hostname":"G2C43","pid":4016,"level":30,"msg":"Listening on port 3000","time":"2018-12-01T20:21:22.500Z","v":0}
{"name":"general-log","hostname":"G2C43","pid":11332,"level":30,"msg":"Express-Boilerplate v1.6.0","time":"2018-12-01T20:23:06.144Z","v":0}
{"name":"general-log","hostname":"G2C43","pid":11332,"level":30,"msg":"Listening on port 3000","time":"2018-12-01T20:23:06.148Z","v":0}
{"name":"general-log","hostname":"G2C43","pid":18048,"level":30,"msg":"Express-Boilerplate v1.6.0","time":"2018-12-01T20:25:06.948Z","v":0}
{"name":"general-log","hostname":"G2C43","pid":18048,"level":30,"msg":"Listening on port 3000","time":"2018-12-01T20:25:06.954Z","v":0}
{"name":"general-log","hostname":"G2C43","pid":15468,"level":30,"msg":"Express-Boilerplate v1.6.0","time":"2018-12-01T20:25:31.876Z","v":0}
{"name":"general-log","hostname":"G2C43","pid":15468,"level":30,"msg":"Listening on port 3000","time":"2018-12-01T20:25:31.881Z","v":0}
{"name":"general-log","hostname":"G2C43","pid":17908,"level":30,"msg":"Express-Boilerplate v1.6.0","time":"2018-12-01T20:26:53.712Z","v":0}
{"name":"general-log","hostname":"G2C43","pid":17908,"level":30,"msg":"Listening on port 3000","time":"2018-12-01T20:26:53.717Z","v":0}
{"name":"general-log","hostname":"G2C43","pid":14816,"level":30,"msg":"Express-Boilerplate v1.6.0","time":"2018-12-01T20:27:11.090Z","v":0}
{"name":"general-log","hostname":"G2C43","pid":14816,"level":30,"msg":"Listening on port 3000","time":"2018-12-01T20:27:11.096Z","v":0}
{"name":"general-log","hostname":"G2C43","pid":14028,"level":30,"msg":"Express-Boilerplate v1.6.0","time":"2018-12-01T20:27:14.419Z","v":0}
{"name":"general-log","hostname":"G2C43","pid":14028,"level":30,"msg":"Listening on port 3000","time":"2018-12-01T20:27:14.424Z","v":0}
{"name":"general-log","hostname":"G2C43","pid":14180,"level":30,"msg":"Express-Boilerplate v1.6.0","time":"2018-12-01T20:28:15.921Z","v":0}
{"name":"general-log","hostname":"G2C43","pid":14180,"level":30,"msg":"Listening on port 3000","time":"2018-12-01T20:28:15.926Z","v":0}
{"name":"general-log","hostname":"G2C43","pid":2472,"level":30,"msg":"Express-Boilerplate v1.6.0","time":"2018-12-01T20:28:41.774Z","v":0}
{"name":"general-log","hostname":"G2C43","pid":2472,"level":30,"msg":"Listening on port 3000","time":"2018-12-01T20:28:41.777Z","v":0}
{"name":"general-log","hostname":"G2C43","pid":14292,"level":30,"msg":"Express-Boilerplate v1.6.0","time":"2018-12-01T20:28:50.415Z","v":0}
{"name":"general-log","hostname":"G2C43","pid":14292,"level":30,"msg":"Listening on port 3000","time":"2018-12-01T20:28:50.418Z","v":0}
{"name":"general-log","hostname":"G2C43","pid":16716,"level":30,"msg":"Express-Boilerplate v1.6.0","time":"2018-12-01T20:30:38.435Z","v":0}
{"name":"general-log","hostname":"G2C43","pid":16716,"level":30,"msg":"Listening on port 3000","time":"2018-12-01T20:30:38.438Z","v":0}
{"name":"general-log","hostname":"G2C43","pid":16020,"level":30,"msg":"Express-Boilerplate v1.6.0","time":"2018-12-01T20:30:43.128Z","v":0}
{"name":"general-log","hostname":"G2C43","pid":16020,"level":30,"msg":"Listening on port 3000","time":"2018-12-01T20:30:43.131Z","v":0}
{"name":"general-log","hostname":"G2C43","pid":12928,"level":30,"msg":"Express-Boilerplate v1.6.0","time":"2018-12-01T20:30:48.137Z","v":0}
{"name":"general-log","hostname":"G2C43","pid":12928,"level":30,"msg":"Listening on port 3000","time":"2018-12-01T20:30:48.140Z","v":0}
{"name":"general-log","hostname":"G2C43","pid":9348,"level":30,"msg":"Express-Boilerplate v1.6.0","time":"2018-12-01T20:30:57.987Z","v":0}
{"name":"general-log","hostname":"G2C43","pid":9348,"level":30,"msg":"Listening on port 3000","time":"2018-12-01T20:30:57.994Z","v":0}
{"name":"general-log","hostname":"G2C43","pid":9932,"level":30,"msg":"Express-Boilerplate v1.6.0","time":"2018-12-01T20:31:23.753Z","v":0}
{"name":"general-log","hostname":"G2C43","pid":9932,"level":30,"msg":"Listening on port 3000","time":"2018-12-01T20:31:23.760Z","v":0}
{"name":"general-log","hostname":"G2C43","pid":3892,"level":30,"msg":"Express-Boilerplate v1.6.0","time":"2018-12-01T20:31:25.681Z","v":0}
{"name":"general-log","hostname":"G2C43","pid":3892,"level":30,"msg":"Listening on port 3000","time":"2018-12-01T20:31:25.687Z","v":0}
{"name":"general-log","hostname":"G2C43","pid":2728,"level":30,"msg":"Express-Boilerplate v1.6.0","time":"2018-12-01T20:31:32.349Z","v":0}
{"name":"general-log","hostname":"G2C43","pid":2728,"level":30,"msg":"Listening on port 3000","time":"2018-12-01T20:31:32.355Z","v":0}
{"name":"general-log","hostname":"G2C43","pid":14140,"level":30,"msg":"Express-Boilerplate v1.6.0","time":"2018-12-01T20:31:39.918Z","v":0}
{"name":"general-log","hostname":"G2C43","pid":14140,"level":30,"msg":"Listening on port 3000","time":"2018-12-01T20:31:39.923Z","v":0}
{"name":"general-log","hostname":"G2C43","pid":18128,"level":30,"msg":"Express-Boilerplate v1.6.0","time":"2018-12-01T20:32:01.702Z","v":0}
{"name":"general-log","hostname":"G2C43","pid":18128,"level":30,"msg":"Listening on port 3000","time":"2018-12-01T20:32:01.708Z","v":0}
{"name":"general-log","hostname":"G2C43","pid":10936,"level":30,"msg":"Express-Boilerplate v1.6.0","time":"2018-12-01T20:33:09.326Z","v":0}
{"name":"general-log","hostname":"G2C43","pid":10936,"level":30,"msg":"Listening on port 3000","time":"2018-12-01T20:33:09.329Z","v":0}
{"name":"general-log","hostname":"G2C43","pid":16536,"level":30,"msg":"Express-Boilerplate v1.6.0","time":"2018-12-01T20:33:12.533Z","v":0}
{"name":"general-log","hostname":"G2C43","pid":16536,"level":30,"msg":"Listening on port 3000","time":"2018-12-01T20:33:12.540Z","v":0}
{"name":"general-log","hostname":"G2C43","pid":18344,"level":30,"msg":"Express-Boilerplate v1.6.0","time":"2018-12-01T20:34:19.731Z","v":0}
{"name":"general-log","hostname":"G2C43","pid":18344,"level":30,"msg":"Listening on port 3000","time":"2018-12-01T20:34:19.735Z","v":0}
{"name":"general-log","hostname":"G2C43","pid":17788,"level":30,"msg":"Express-Boilerplate v1.6.0","time":"2018-12-01T20:34:27.882Z","v":0}
{"name":"general-log","hostname":"G2C43","pid":17788,"level":30,"msg":"Listening on port 3000","time":"2018-12-01T20:34:27.887Z","v":0}
{"name":"general-log","hostname":"G2C43","pid":18416,"level":30,"msg":"Express-Boilerplate v1.6.0","time":"2018-12-01T20:34:52.242Z","v":0}
{"name":"general-log","hostname":"G2C43","pid":18416,"level":30,"msg":"Listening on port 3000","time":"2018-12-01T20:34:52.249Z","v":0}
{"name":"general-log","hostname":"G2C43","pid":12264,"level":30,"msg":"Express-Boilerplate v1.6.0","time":"2018-12-01T20:35:25.026Z","v":0}
{"name":"general-log","hostname":"G2C43","pid":12264,"level":30,"msg":"Listening on port 3000","time":"2018-12-01T20:35:25.031Z","v":0}
{"name":"general-log","hostname":"G2C43","pid":14836,"level":30,"msg":"Express-Boilerplate v1.6.0","time":"2018-12-01T20:35:43.575Z","v":0}
{"name":"general-log","hostname":"G2C43","pid":14836,"level":30,"msg":"Listening on port 3000","time":"2018-12-01T20:35:43.580Z","v":0}
{"name":"general-log","hostname":"G2C43","pid":16156,"level":30,"msg":"Express-Boilerplate v1.6.0","time":"2018-12-01T20:35:52.224Z","v":0}
{"name":"general-log","hostname":"G2C43","pid":16156,"level":30,"msg":"Listening on port 3000","time":"2018-12-01T20:35:52.228Z","v":0}
{"name":"general-log","hostname":"G2C43","pid":15028,"level":30,"msg":"Express-Boilerplate v1.6.0","time":"2018-12-01T20:36:11.300Z","v":0}
{"name":"general-log","hostname":"G2C43","pid":15028,"level":30,"msg":"Listening on port 3000","time":"2018-12-01T20:36:11.306Z","v":0}
{"name":"general-log","hostname":"G2C43","pid":10968,"level":30,"msg":"Express-Boilerplate v1.6.0","time":"2018-12-01T20:44:07.836Z","v":0}
{"name":"general-log","hostname":"G2C43","pid":10968,"level":30,"msg":"Listening on port 3000","time":"2018-12-01T20:44:07.843Z","v":0}
{"name":"general-log","hostname":"G2C43","pid":14104,"level":30,"msg":"Express-Boilerplate v1.6.0","time":"2018-12-01T20:44:11.365Z","v":0}
{"name":"general-log","hostname":"G2C43","pid":14104,"level":30,"msg":"Listening on port 3000","time":"2018-12-01T20:44:11.372Z","v":0}
{"name":"general-log","hostname":"G2C43","pid":8828,"level":30,"msg":"Express-Boilerplate v1.6.0","time":"2018-12-01T20:44:19.957Z","v":0}
{"name":"general-log","hostname":"G2C43","pid":8828,"level":30,"msg":"Listening on port 3000","time":"2018-12-01T20:44:19.963Z","v":0}
{"name":"general-log","hostname":"G2C43","pid":11208,"level":30,"msg":"Express-Boilerplate v1.6.0","time":"2018-12-01T20:44:23.285Z","v":0}
{"name":"general-log","hostname":"G2C43","pid":11208,"level":30,"msg":"Listening on port 3000","time":"2018-12-01T20:44:23.290Z","v":0}
{"name":"general-log","hostname":"G2C43","pid":104,"level":30,"msg":"Express-Boilerplate v1.6.0","time":"2018-12-01T20:46:02.010Z","v":0}
{"name":"general-log","hostname":"G2C43","pid":104,"level":30,"msg":"Listening on port 3000","time":"2018-12-01T20:46:02.016Z","v":0}
{"name":"general-log","hostname":"G2C43","pid":15608,"level":30,"msg":"Express-Boilerplate v1.6.0","time":"2018-12-01T21:01:31.424Z","v":0}
{"name":"general-log","hostname":"G2C43","pid":15608,"level":30,"msg":"Listening on port 3000","time":"2018-12-01T21:01:31.430Z","v":0}
{"name":"general-log","hostname":"G2C43","pid":12516,"level":30,"msg":"Express-Boilerplate v1.6.0","time":"2018-12-01T21:32:26.125Z","v":0}
{"name":"general-log","hostname":"G2C43","pid":12516,"level":30,"msg":"Listening on port 3000","time":"2018-12-01T21:32:26.131Z","v":0}
{"name":"general-log","hostname":"G2C43","pid":4804,"level":30,"msg":"Express-Boilerplate v1.6.0","time":"2018-12-01T22:18:03.844Z","v":0}
{"name":"general-log","hostname":"G2C43","pid":4804,"level":30,"msg":"Listening on port 3000","time":"2018-12-01T22:18:03.859Z","v":0}
{"name":"general-log","hostname":"G2C43","pid":12964,"level":30,"msg":"Express-Boilerplate v1.6.0","time":"2018-12-01T22:18:05.775Z","v":0}
{"name":"general-log","hostname":"G2C43","pid":12964,"level":30,"msg":"Listening on port 3000","time":"2018-12-01T22:18:05.780Z","v":0}
{"name":"general-log","hostname":"G2C43","pid":11308,"level":30,"msg":"Express-Boilerplate v1.6.0","time":"2018-12-01T22:18:06.658Z","v":0}
{"name":"general-log","hostname":"G2C43","pid":11308,"level":30,"msg":"Listening on port 3000","time":"2018-12-01T22:18:06.664Z","v":0}
{"name":"general-log","hostname":"G2C43","pid":17576,"level":30,"msg":"Express-Boilerplate v1.6.0","time":"2018-12-01T22:19:59.929Z","v":0}
{"name":"general-log","hostname":"G2C43","pid":17576,"level":30,"msg":"Listening on port 3000","time":"2018-12-01T22:19:59.936Z","v":0}
{"name":"general-log","hostname":"G2C43","pid":4248,"level":30,"msg":"Express-Boilerplate v1.6.0","time":"2018-12-01T22:28:32.574Z","v":0}
{"name":"general-log","hostname":"G2C43","pid":4248,"level":30,"msg":"Listening on port 3000","time":"2018-12-01T22:28:32.580Z","v":0}
{"name":"general-log","hostname":"G2C43","pid":14112,"level":30,"msg":"Express-Boilerplate v1.6.0","time":"2018-12-01T22:28:34.356Z","v":0}
{"name":"general-log","hostname":"G2C43","pid":14112,"level":30,"msg":"Listening on port 3000","time":"2018-12-01T22:28:34.363Z","v":0}
{"name":"general-log","hostname":"G2C43","pid":9084,"level":30,"msg":"Express-Boilerplate v1.6.0","time":"2018-12-01T22:29:03.020Z","v":0}
{"name":"general-log","hostname":"G2C43","pid":9084,"level":30,"msg":"Listening on port 3000","time":"2018-12-01T22:29:03.026Z","v":0}
{"name":"general-log","hostname":"G2C43","pid":10660,"level":30,"msg":"Express-Boilerplate v1.6.0","time":"2018-12-01T22:29:07.323Z","v":0}
{"name":"general-log","hostname":"G2C43","pid":10660,"level":30,"msg":"Listening on port 3000","time":"2018-12-01T22:29:07.329Z","v":0}
{"name":"general-log","hostname":"G2C43","pid":17312,"level":30,"msg":"Express-Boilerplate v1.6.0","time":"2018-12-01T22:29:21.246Z","v":0}
{"name":"general-log","hostname":"G2C43","pid":17312,"level":30,"msg":"Listening on port 3000","time":"2018-12-01T22:29:21.251Z","v":0}
{"name":"general-log","hostname":"G2C43","pid":11368,"level":30,"msg":"Express-Boilerplate v1.6.0","time":"2018-12-01T22:30:23.737Z","v":0}
{"name":"general-log","hostname":"G2C43","pid":11368,"level":30,"msg":"Listening on port 3000","time":"2018-12-01T22:30:23.743Z","v":0}
{"name":"general-log","hostname":"G2C43","pid":15448,"level":30,"msg":"Express-Boilerplate v1.6.0","time":"2018-12-01T22:39:26.564Z","v":0}
{"name":"general-log","hostname":"G2C43","pid":15448,"level":30,"msg":"Listening on port 3000","time":"2018-12-01T22:39:26.564Z","v":0}
{"name":"general-log","hostname":"G2C43","pid":5412,"level":30,"msg":"Express-Boilerplate v1.6.0","time":"2018-12-01T22:40:55.065Z","v":0}
{"name":"general-log","hostname":"G2C43","pid":5412,"level":30,"msg":"Listening on port 3000","time":"2018-12-01T22:40:55.065Z","v":0}
{"name":"general-log","hostname":"G2C43","pid":2360,"level":30,"msg":"Express-Boilerplate v1.6.0","time":"2018-12-01T22:42:08.249Z","v":0}
{"name":"general-log","hostname":"G2C43","pid":2360,"level":30,"msg":"Listening on port 3000","time":"2018-12-01T22:42:08.249Z","v":0}
{"name":"general-log","hostname":"DESKTOP-B3HLAGD","pid":12248,"level":30,"msg":"Express-Boilerplate v1.6.0","time":"2018-12-04T18:08:11.381Z","v":0}
{"name":"general-log","hostname":"DESKTOP-B3HLAGD","pid":12248,"level":30,"msg":"Listening on port 3000","time":"2018-12-04T18:08:11.412Z","v":0}
{"name":"general-log","hostname":"DESKTOP-B3HLAGD","pid":13512,"level":30,"msg":"Express-Boilerplate v1.6.0","time":"2018-12-04T18:10:02.098Z","v":0}
{"name":"general-log","hostname":"DESKTOP-B3HLAGD","pid":13512,"level":30,"msg":"Listening on port 3000","time":"2018-12-04T18:10:02.110Z","v":0}
{"name":"general-log","hostname":"DESKTOP-B3HLAGD","pid":15864,"level":30,"msg":"Express-Boilerplate v1.6.0","time":"2018-12-04T18:18:50.000Z","v":0}
{"name":"general-log","hostname":"DESKTOP-B3HLAGD","pid":15864,"level":30,"msg":"Listening on port 3000","time":"2018-12-04T18:18:50.004Z","v":0}
{"name":"general-log","hostname":"DESKTOP-B3HLAGD","pid":13492,"level":30,"msg":"Express-Boilerplate v1.6.0","time":"2018-12-04T18:21:17.749Z","v":0}
{"name":"general-log","hostname":"DESKTOP-B3HLAGD","pid":13492,"level":30,"msg":"Listening on port 3000","time":"2018-12-04T18:21:17.751Z","v":0}
{"name":"general-log","hostname":"DESKTOP-B3HLAGD","pid":14164,"level":30,"msg":"Express-Boilerplate v1.6.0","time":"2018-12-04T18:26:39.828Z","v":0}
{"name":"general-log","hostname":"DESKTOP-B3HLAGD","pid":14164,"level":30,"msg":"Listening on port 3000","time":"2018-12-04T18:26:39.834Z","v":0}
{"name":"general-log","hostname":"DESKTOP-B3HLAGD","pid":4532,"level":30,"msg":"Express-Boilerplate v1.6.0","time":"2018-12-04T18:45:18.835Z","v":0}
{"name":"general-log","hostname":"DESKTOP-B3HLAGD","pid":4532,"level":30,"msg":"Listening on port 3000","time":"2018-12-04T18:45:18.838Z","v":0}
{"name":"general-log","hostname":"DESKTOP-B3HLAGD","pid":15204,"level":30,"msg":"Express-Boilerplate v1.6.0","time":"2018-12-04T18:45:52.817Z","v":0}
{"name":"general-log","hostname":"DESKTOP-B3HLAGD","pid":15204,"level":30,"msg":"Listening on port 3000","time":"2018-12-04T18:45:52.825Z","v":0}
{"name":"general-log","hostname":"DESKTOP-B3HLAGD","pid":14916,"level":30,"msg":"Express-Boilerplate v1.6.0","time":"2018-12-04T18:46:01.129Z","v":0}
{"name":"general-log","hostname":"DESKTOP-B3HLAGD","pid":14916,"level":30,"msg":"Listening on port 3000","time":"2018-12-04T18:46:01.135Z","v":0}
{"name":"general-log","hostname":"DESKTOP-B3HLAGD","pid":7808,"level":30,"msg":"Express-Boilerplate v1.6.0","time":"2018-12-04T19:31:58.596Z","v":0}
{"name":"general-log","hostname":"DESKTOP-B3HLAGD","pid":7808,"level":30,"msg":"Listening on port 3000","time":"2018-12-04T19:31:58.599Z","v":0}
{"name":"general-log","hostname":"DESKTOP-B3HLAGD","pid":3732,"level":30,"msg":"Express-Boilerplate v1.6.0","time":"2018-12-04T19:32:07.059Z","v":0}
{"name":"general-log","hostname":"DESKTOP-B3HLAGD","pid":3732,"level":30,"msg":"Listening on port 3000","time":"2018-12-04T19:32:07.062Z","v":0}
{"name":"general-log","hostname":"DESKTOP-B3HLAGD","pid":4676,"level":30,"msg":"Express-Boilerplate v1.6.0","time":"2018-12-04T19:32:15.898Z","v":0}
{"name":"general-log","hostname":"DESKTOP-B3HLAGD","pid":4676,"level":30,"msg":"Listening on port 3000","time":"2018-12-04T19:32:15.901Z","v":0}
{"name":"general-log","hostname":"DESKTOP-B3HLAGD","pid":13564,"level":30,"msg":"Express-Boilerplate v1.6.0","time":"2018-12-04T19:33:14.393Z","v":0}
{"name":"general-log","hostname":"DESKTOP-B3HLAGD","pid":13564,"level":30,"msg":"Listening on port 3000","time":"2018-12-04T19:33:14.396Z","v":0}
{"name":"general-log","hostname":"DESKTOP-B3HLAGD","pid":11316,"level":30,"msg":"Express-Boilerplate v1.6.0","time":"2018-12-04T19:34:52.573Z","v":0}
{"name":"general-log","hostname":"DESKTOP-B3HLAGD","pid":11316,"level":30,"msg":"Listening on port 3000","time":"2018-12-04T19:34:52.577Z","v":0}
{"name":"general-log","hostname":"DESKTOP-B3HLAGD","pid":2328,"level":30,"msg":"Express-Boilerplate v1.6.0","time":"2018-12-04T19:35:52.125Z","v":0}
{"name":"general-log","hostname":"DESKTOP-B3HLAGD","pid":2328,"level":30,"msg":"Listening on port 3000","time":"2018-12-04T19:35:52.129Z","v":0}
{"name":"general-log","hostname":"DESKTOP-B3HLAGD","pid":12548,"level":30,"msg":"Express-Boilerplate v1.6.0","time":"2018-12-04T19:36:01.425Z","v":0}
{"name":"general-log","hostname":"DESKTOP-B3HLAGD","pid":12548,"level":30,"msg":"Listening on port 3000","time":"2018-12-04T19:36:01.428Z","v":0}
{"name":"general-log","hostname":"DESKTOP-B3HLAGD","pid":13328,"level":30,"msg":"Express-Boilerplate v1.6.0","time":"2018-12-04T19:36:31.535Z","v":0}
{"name":"general-log","hostname":"DESKTOP-B3HLAGD","pid":13328,"level":30,"msg":"Listening on port 3000","time":"2018-12-04T19:36:31.538Z","v":0}
{"name":"general-log","hostname":"DESKTOP-B3HLAGD","pid":15392,"level":30,"msg":"Express-Boilerplate v1.6.0","time":"2018-12-04T19:36:44.898Z","v":0}
{"name":"general-log","hostname":"DESKTOP-B3HLAGD","pid":15392,"level":30,"msg":"Listening on port 3000","time":"2018-12-04T19:36:44.902Z","v":0}
{"name":"general-log","hostname":"DESKTOP-B3HLAGD","pid":7596,"level":30,"msg":"Express-Boilerplate v1.6.0","time":"2018-12-04T23:42:58.958Z","v":0}
{"name":"general-log","hostname":"DESKTOP-B3HLAGD","pid":7596,"level":30,"msg":"Listening on port 3000","time":"2018-12-04T23:42:58.963Z","v":0}
{"name":"general-log","hostname":"DESKTOP-B3HLAGD","pid":11088,"level":30,"msg":"Express-Boilerplate v1.6.0","time":"2018-12-04T23:45:16.916Z","v":0}
{"name":"general-log","hostname":"DESKTOP-B3HLAGD","pid":11088,"level":30,"msg":"Listening on port 3000","time":"2018-12-04T23:45:16.919Z","v":0}
{"name":"general-log","hostname":"DESKTOP-B3HLAGD","pid":2020,"level":30,"msg":"Express-Boilerplate v1.6.0","time":"2018-12-04T23:45:19.974Z","v":0}
{"name":"general-log","hostname":"DESKTOP-B3HLAGD","pid":2020,"level":30,"msg":"Listening on port 3000","time":"2018-12-04T23:45:19.983Z","v":0}
{"name":"general-log","hostname":"DESKTOP-B3HLAGD","pid":12948,"level":30,"msg":"Express-Boilerplate v1.6.0","time":"2018-12-04T23:45:29.656Z","v":0}
{"name":"general-log","hostname":"DESKTOP-B3HLAGD","pid":12948,"level":30,"msg":"Listening on port 3000","time":"2018-12-04T23:45:29.660Z","v":0}
{"name":"general-log","hostname":"DESKTOP-B3HLAGD","pid":8512,"level":30,"msg":"Express-Boilerplate v1.6.0","time":"2018-12-04T23:45:58.704Z","v":0}
{"name":"general-log","hostname":"DESKTOP-B3HLAGD","pid":8512,"level":30,"msg":"Listening on port 3000","time":"2018-12-04T23:45:58.707Z","v":0}
{"name":"general-log","hostname":"DESKTOP-B3HLAGD","pid":10140,"level":30,"msg":"Express-Boilerplate v1.6.0","time":"2018-12-05T00:56:19.077Z","v":0}
{"name":"general-log","hostname":"DESKTOP-B3HLAGD","pid":10140,"level":30,"msg":"Listening on port 3000","time":"2018-12-05T00:56:19.082Z","v":0}
{"name":"general-log","hostname":"DESKTOP-B3HLAGD","pid":1304,"level":30,"msg":"Express-Boilerplate v1.6.0","time":"2018-12-05T02:13:30.722Z","v":0}
{"name":"general-log","hostname":"DESKTOP-B3HLAGD","pid":1304,"level":30,"msg":"Listening on port 3000","time":"2018-12-05T02:13:30.731Z","v":0}
{"name":"general-log","hostname":"DESKTOP-B3HLAGD","pid":10144,"level":30,"msg":"Express-Boilerplate v1.6.0","time":"2018-12-05T02:25:09.464Z","v":0}
{"name":"general-log","hostname":"DESKTOP-B3HLAGD","pid":10144,"level":30,"msg":"Listening on port 3000","time":"2018-12-05T02:25:09.467Z","v":0}
{"name":"general-log","hostname":"DESKTOP-B3HLAGD","pid":9148,"level":30,"msg":"Express-Boilerplate v1.6.0","time":"2018-12-05T02:25:12.283Z","v":0}
{"name":"general-log","hostname":"DESKTOP-B3HLAGD","pid":9148,"level":30,"msg":"Listening on port 3000","time":"2018-12-05T02:25:12.291Z","v":0}
{"name":"general-log","hostname":"DESKTOP-B3HLAGD","pid":15636,"level":30,"msg":"Express-Boilerplate v1.6.0","time":"2018-12-05T02:25:41.359Z","v":0}
{"name":"general-log","hostname":"DESKTOP-B3HLAGD","pid":15636,"level":30,"msg":"Listening on port 3000","time":"2018-12-05T02:25:41.376Z","v":0}
{"name":"general-log","hostname":"raspberrypi","pid":2439,"level":30,"msg":"Express-Boilerplate v1.6.0","time":"2018-12-05T02:19:53.363Z","v":0}
{"name":"general-log","hostname":"raspberrypi","pid":2439,"level":30,"msg":"Listening on port 3000","time":"2018-12-05T02:19:53.370Z","v":0}
{"name":"general-log","hostname":"raspberrypi","pid":2522,"level":30,"msg":"Express-Boilerplate v1.6.0","time":"2018-12-05T02:21:59.903Z","v":0}
{"name":"general-log","hostname":"raspberrypi","pid":2522,"level":30,"msg":"Listening on port 3000","time":"2018-12-05T02:21:59.911Z","v":0}
{"name":"general-log","hostname":"raspberrypi","pid":2594,"level":30,"msg":"Express-Boilerplate v1.6.0","time":"2018-12-05T02:22:54.037Z","v":0}
{"name":"general-log","hostname":"raspberrypi","pid":2594,"level":30,"msg":"Listening on port 3000","time":"2018-12-05T02:22:54.044Z","v":0}
{"name":"general-log","hostname":"raspberrypi","pid":2672,"level":30,"msg":"Express-Boilerplate v1.6.0","time":"2018-12-05T02:23:24.179Z","v":0}
{"name":"general-log","hostname":"raspberrypi","pid":2672,"level":30,"msg":"Listening on port 3000","time":"2018-12-05T02:23:24.186Z","v":0}
{"name":"general-log","hostname":"raspberrypi","pid":2714,"level":30,"msg":"Express-Boilerplate v1.6.0","time":"2018-12-05T02:24:34.361Z","v":0}
{"name":"general-log","hostname":"raspberrypi","pid":2714,"level":30,"msg":"Listening on port 3000","time":"2018-12-05T02:24:34.368Z","v":0}
{"name":"general-log","hostname":"raspberrypi","pid":2739,"level":30,"msg":"Express-Boilerplate v1.6.0","time":"2018-12-05T02:25:49.295Z","v":0}
{"name":"general-log","hostname":"raspberrypi","pid":2739,"level":30,"msg":"Listening on port 3000","time":"2018-12-05T02:25:49.302Z","v":0}
{"name":"general-log","hostname":"raspberrypi","pid":2793,"level":30,"msg":"Express-Boilerplate v1.6.0","time":"2018-12-05T02:29:36.673Z","v":0}
{"name":"general-log","hostname":"raspberrypi","pid":2793,"level":30,"msg":"Listening on port 3000","time":"2018-12-05T02:29:36.680Z","v":0}
{"name":"general-log","hostname":"raspberrypi","pid":2850,"level":30,"msg":"Express-Boilerplate v1.6.0","time":"2018-12-05T02:30:35.251Z","v":0}
{"name":"general-log","hostname":"raspberrypi","pid":2850,"level":30,"msg":"Listening on port 3000","time":"2018-12-05T02:30:35.258Z","v":0}
{"name":"general-log","hostname":"raspberrypi","pid":2881,"level":30,"msg":"Express-Boilerplate v1.6.0","time":"2018-12-05T02:31:00.852Z","v":0}
{"name":"general-log","hostname":"raspberrypi","pid":2881,"level":30,"msg":"Listening on port 3000","time":"2018-12-05T02:31:00.859Z","v":0}
{"name":"general-log","hostname":"raspberrypi","pid":2923,"level":30,"msg":"Express-Boilerplate v1.6.0","time":"2018-12-05T02:31:16.769Z","v":0}
{"name":"general-log","hostname":"raspberrypi","pid":2923,"level":30,"msg":"Listening on port 3000","time":"2018-12-05T02:31:16.777Z","v":0}
{"name":"general-log","hostname":"raspberrypi","pid":2943,"level":30,"msg":"Express-Boilerplate v1.6.0","time":"2018-12-05T02:31:38.936Z","v":0}
{"name":"general-log","hostname":"raspberrypi","pid":2943,"level":30,"msg":"Listening on port 3000","time":"2018-12-05T02:31:38.944Z","v":0}
{"name":"general-log","hostname":"raspberrypi","pid":2976,"level":30,"msg":"Express-Boilerplate v1.6.0","time":"2018-12-05T02:31:53.175Z","v":0}
{"name":"general-log","hostname":"raspberrypi","pid":2976,"level":30,"msg":"Listening on port 3000","time":"2018-12-05T02:31:53.183Z","v":0}
{"name":"general-log","hostname":"raspberrypi","pid":3022,"level":30,"msg":"Express-Boilerplate v1.6.0","time":"2018-12-05T02:32:42.381Z","v":0}
{"name":"general-log","hostname":"raspberrypi","pid":3022,"level":30,"msg":"Listening on port 3000","time":"2018-12-05T02:32:42.388Z","v":0}
{"name":"general-log","hostname":"raspberrypi","pid":3125,"level":30,"msg":"Express-Boilerplate v1.6.0","time":"2018-12-05T02:36:19.172Z","v":0}
{"name":"general-log","hostname":"raspberrypi","pid":3125,"level":30,"msg":"Listening on port 3000","time":"2018-12-05T02:36:19.181Z","v":0}
{"name":"general-log","hostname":"raspberrypi","pid":3265,"level":30,"msg":"Express-Boilerplate v1.6.0","time":"2018-12-05T02:39:12.794Z","v":0}
{"name":"general-log","hostname":"raspberrypi","pid":3265,"level":30,"msg":"Listening on port 3000","time":"2018-12-05T02:39:12.801Z","v":0}
{"name":"general-log","hostname":"raspberrypi","pid":3310,"level":30,"msg":"Express-Boilerplate v1.6.0","time":"2018-12-05T02:39:40.793Z","v":0}
{"name":"general-log","hostname":"raspberrypi","pid":3310,"level":30,"msg":"Listening on port 3000","time":"2018-12-05T02:39:40.800Z","v":0}
{"name":"general-log","hostname":"raspberrypi","pid":3329,"level":30,"msg":"Express-Boilerplate v1.6.0","time":"2018-12-05T02:40:25.144Z","v":0}
{"name":"general-log","hostname":"raspberrypi","pid":3329,"level":30,"msg":"Listening on port 3000","time":"2018-12-05T02:40:25.151Z","v":0}
{"name":"general-log","hostname":"raspberrypi","pid":3342,"level":30,"msg":"Express-Boilerplate v1.6.0","time":"2018-12-05T02:40:28.962Z","v":0}
{"name":"general-log","hostname":"raspberrypi","pid":3342,"level":30,"msg":"Listening on port 3000","time":"2018-12-05T02:40:28.969Z","v":0}
{"name":"general-log","hostname":"raspberrypi","pid":3392,"level":30,"msg":"Express-Boilerplate v1.6.0","time":"2018-12-05T02:42:47.332Z","v":0}
{"name":"general-log","hostname":"raspberrypi","pid":3392,"level":30,"msg":"Listening on port 3000","time":"2018-12-05T02:42:47.338Z","v":0}
{"name":"general-log","hostname":"raspberrypi","pid":3421,"level":30,"msg":"Express-Boilerplate v1.6.0","time":"2018-12-05T02:43:59.691Z","v":0}
{"name":"general-log","hostname":"raspberrypi","pid":3421,"level":30,"msg":"Listening on port 3000","time":"2018-12-05T02:43:59.698Z","v":0}
{"name":"general-log","hostname":"raspberrypi","pid":3433,"level":30,"msg":"Express-Boilerplate v1.6.0","time":"2018-12-05T02:44:01.074Z","v":0}
{"name":"general-log","hostname":"raspberrypi","pid":3433,"level":30,"msg":"Listening on port 3000","time":"2018-12-05T02:44:01.081Z","v":0}
{"name":"general-log","hostname":"raspberrypi","pid":3471,"level":30,"msg":"Express-Boilerplate v1.6.0","time":"2018-12-05T02:45:04.431Z","v":0}
{"name":"general-log","hostname":"raspberrypi","pid":3471,"level":30,"msg":"Listening on port 3000","time":"2018-12-05T02:45:04.438Z","v":0}
{"name":"general-log","hostname":"raspberrypi","pid":3497,"level":30,"msg":"Express-Boilerplate v1.6.0","time":"2018-12-05T02:45:28.114Z","v":0}
{"name":"general-log","hostname":"raspberrypi","pid":3497,"level":30,"msg":"Listening on port 3000","time":"2018-12-05T02:45:28.121Z","v":0}
{"name":"general-log","hostname":"raspberrypi","pid":3570,"level":30,"msg":"Express-Boilerplate v1.6.0","time":"2018-12-05T02:47:53.604Z","v":0}
{"name":"general-log","hostname":"raspberrypi","pid":3570,"level":30,"msg":"Listening on port 3000","time":"2018-12-05T02:47:53.611Z","v":0}
{"name":"general-log","hostname":"raspberrypi","pid":3601,"level":30,"msg":"Express-Boilerplate v1.6.0","time":"2018-12-05T02:48:02.934Z","v":0}
{"name":"general-log","hostname":"raspberrypi","pid":3601,"level":30,"msg":"Listening on port 3000","time":"2018-12-05T02:48:02.941Z","v":0}
{"name":"general-log","hostname":"raspberrypi","pid":3643,"level":30,"msg":"Express-Boilerplate v1.6.0","time":"2018-12-05T02:53:29.690Z","v":0}
{"name":"general-log","hostname":"raspberrypi","pid":3643,"level":30,"msg":"Listening on port 3000","time":"2018-12-05T02:53:29.697Z","v":0}
{"name":"general-log","hostname":"raspberrypi","pid":3665,"level":30,"msg":"Express-Boilerplate v1.6.0","time":"2018-12-05T02:57:45.905Z","v":0}
{"name":"general-log","hostname":"raspberrypi","pid":3665,"level":30,"msg":"Listening on port 3000","time":"2018-12-05T02:57:45.912Z","v":0}
{"name":"general-log","hostname":"raspberrypi","pid":3678,"level":30,"msg":"Express-Boilerplate v1.6.0","time":"2018-12-05T02:58:21.004Z","v":0}
{"name":"general-log","hostname":"raspberrypi","pid":3678,"level":30,"msg":"Listening on port 3000","time":"2018-12-05T02:58:21.011Z","v":0}
{"name":"general-log","hostname":"raspberrypi","pid":3708,"level":30,"msg":"Express-Boilerplate v1.6.0","time":"2018-12-05T02:58:31.024Z","v":0}
{"name":"general-log","hostname":"raspberrypi","pid":3708,"level":30,"msg":"Listening on port 3000","time":"2018-12-05T02:58:31.031Z","v":0}
{"name":"general-log","hostname":"raspberrypi","pid":3735,"level":30,"msg":"Express-Boilerplate v1.6.0","time":"2018-12-05T02:59:31.531Z","v":0}
{"name":"general-log","hostname":"raspberrypi","pid":3735,"level":30,"msg":"Listening on port 3000","time":"2018-12-05T02:59:31.539Z","v":0}
{"name":"general-log","hostname":"raspberrypi","pid":3765,"level":30,"msg":"Express-Boilerplate v1.6.0","time":"2018-12-05T02:59:41.829Z","v":0}
{"name":"general-log","hostname":"raspberrypi","pid":3765,"level":30,"msg":"Listening on port 3000","time":"2018-12-05T02:59:41.836Z","v":0}
{"name":"general-log","hostname":"raspberrypi","pid":3810,"level":30,"msg":"Express-Boilerplate v1.6.0","time":"2018-12-05T03:00:17.078Z","v":0}
{"name":"general-log","hostname":"raspberrypi","pid":3810,"level":30,"msg":"Listening on port 3000","time":"2018-12-05T03:00:17.086Z","v":0}
{"name":"general-log","hostname":"raspberrypi","pid":3868,"level":30,"msg":"Express-Boilerplate v1.6.0","time":"2018-12-05T03:06:59.748Z","v":0}
{"name":"general-log","hostname":"raspberrypi","pid":3868,"level":30,"msg":"Listening on port 3000","time":"2018-12-05T03:06:59.755Z","v":0}
{"name":"general-log","hostname":"raspberrypi","pid":4020,"level":30,"msg":"Express-Boilerplate v1.6.0","time":"2018-12-05T03:09:47.706Z","v":0}
{"name":"general-log","hostname":"raspberrypi","pid":4020,"level":30,"msg":"Listening on port 3000","time":"2018-12-05T03:09:47.712Z","v":0}
{"name":"general-log","hostname":"raspberrypi","pid":4056,"level":30,"msg":"Express-Boilerplate v1.6.0","time":"2018-12-05T03:10:23.188Z","v":0}
{"name":"general-log","hostname":"raspberrypi","pid":4056,"level":30,"msg":"Listening on port 3000","time":"2018-12-05T03:10:23.195Z","v":0}
{"name":"general-log","hostname":"raspberrypi","pid":4102,"level":30,"msg":"Express-Boilerplate v1.6.0","time":"2018-12-05T03:10:57.518Z","v":0}
{"name":"general-log","hostname":"raspberrypi","pid":4102,"level":30,"msg":"Listening on port 3000","time":"2018-12-05T03:10:57.524Z","v":0}
{"name":"general-log","hostname":"raspberrypi","pid":4166,"level":30,"msg":"Express-Boilerplate v1.6.0","time":"2018-12-05T03:13:23.180Z","v":0}
{"name":"general-log","hostname":"raspberrypi","pid":4166,"level":30,"msg":"Listening on port 3000","time":"2018-12-05T03:13:23.187Z","v":0}
{"name":"general-log","hostname":"raspberrypi","pid":1118,"level":30,"msg":"Express-Boilerplate v1.6.0","time":"2018-12-05T03:16:41.993Z","v":0}
{"name":"general-log","hostname":"raspberrypi","pid":1118,"level":30,"msg":"Listening on port 3000","time":"2018-12-05T03:16:42.000Z","v":0}
{"name":"general-log","hostname":"raspberrypi","pid":1465,"level":30,"msg":"Express-Boilerplate v1.6.0","time":"2018-12-05T03:19:40.869Z","v":0}
{"name":"general-log","hostname":"raspberrypi","pid":1465,"level":30,"msg":"Listening on port 3000","time":"2018-12-05T03:19:40.876Z","v":0}
{"name":"general-log","hostname":"raspberrypi","pid":1496,"level":30,"msg":"Express-Boilerplate v1.6.0","time":"2018-12-05T03:20:05.263Z","v":0}
{"name":"general-log","hostname":"raspberrypi","pid":1496,"level":30,"msg":"Listening on port 3000","time":"2018-12-05T03:20:05.271Z","v":0}
{"name":"general-log","hostname":"raspberrypi","pid":1526,"level":30,"msg":"Express-Boilerplate v1.6.0","time":"2018-12-05T03:21:43.652Z","v":0}
{"name":"general-log","hostname":"raspberrypi","pid":1526,"level":30,"msg":"Listening on port 3000","time":"2018-12-05T03:21:43.659Z","v":0}
{"name":"general-log","hostname":"DESKTOP-B3HLAGD","pid":9556,"level":30,"msg":"Express-Boilerplate v1.6.0","time":"2018-12-06T21:29:59.279Z","v":0}
{"name":"general-log","hostname":"DESKTOP-B3HLAGD","pid":9556,"level":30,"msg":"Listening on port 3000","time":"2018-12-06T21:29:59.374Z","v":0}
{"name":"general-log","hostname":"DESKTOP-B3HLAGD","pid":9520,"level":30,"msg":"Express-Boilerplate v1.6.0","time":"2018-12-06T21:38:25.384Z","v":0}
{"name":"general-log","hostname":"DESKTOP-B3HLAGD","pid":9520,"level":30,"msg":"Listening on port 3000","time":"2018-12-06T21:38:58.271Z","v":0}
{"name":"general-log","hostname":"DESKTOP-B3HLAGD","pid":16388,"level":30,"msg":"Express-Boilerplate v1.6.0","time":"2018-12-06T21:39:05.374Z","v":0}
{"name":"general-log","hostname":"DESKTOP-B3HLAGD","pid":16388,"level":30,"msg":"Listening on port 3000","time":"2018-12-06T21:39:05.381Z","v":0}
{"name":"general-log","hostname":"raspberrypi","pid":2684,"level":30,"msg":"Express-Boilerplate v1.6.0","time":"2018-12-10T16:47:27.275Z","v":0}
{"name":"general-log","hostname":"raspberrypi","pid":2684,"level":30,"msg":"Listening on port 3000","time":"2018-12-10T16:47:27.278Z","v":0}
{"name":"general-log","hostname":"raspberrypi","pid":2815,"level":30,"msg":"Express-Boilerplate v1.6.0","time":"2018-12-10T16:50:22.490Z","v":0}
{"name":"general-log","hostname":"raspberrypi","pid":2815,"level":30,"msg":"Listening on port 3000","time":"2018-12-10T16:50:22.497Z","v":0}
{"name":"general-log","hostname":"raspberrypi","pid":3242,"level":30,"msg":"Express-Boilerplate v1.6.0","time":"2018-12-10T17:12:12.803Z","v":0}
{"name":"general-log","hostname":"raspberrypi","pid":3242,"level":30,"msg":"Listening on port 3000","time":"2018-12-10T17:12:12.812Z","v":0}
{"name":"general-log","hostname":"raspberrypi","pid":3320,"level":30,"msg":"Express-Boilerplate v1.6.0","time":"2018-12-10T17:16:15.962Z","v":0}
{"name":"general-log","hostname":"raspberrypi","pid":3320,"level":30,"msg":"Listening on port 3000","time":"2018-12-10T17:16:15.970Z","v":0}
{"name":"general-log","hostname":"raspberrypi","pid":3410,"level":30,"msg":"Express-Boilerplate v1.6.0","time":"2018-12-10T17:18:39.855Z","v":0}
{"name":"general-log","hostname":"raspberrypi","pid":3410,"level":30,"msg":"Listening on port 3000","time":"2018-12-10T17:18:39.862Z","v":0}
{"name":"general-log","hostname":"raspberrypi","pid":3465,"level":30,"msg":"Express-Boilerplate v1.6.0","time":"2018-12-10T17:20:54.827Z","v":0}
{"name":"general-log","hostname":"raspberrypi","pid":3465,"level":30,"msg":"Listening on port 3000","time":"2018-12-10T17:20:54.834Z","v":0}
{"name":"general-log","hostname":"raspberrypi","pid":3478,"level":30,"msg":"Express-Boilerplate v1.6.0","time":"2018-12-10T17:21:03.082Z","v":0}
{"name":"general-log","hostname":"raspberrypi","pid":3478,"level":30,"msg":"Listening on port 3000","time":"2018-12-10T17:21:03.090Z","v":0}
{"name":"general-log","hostname":"raspberrypi","pid":3492,"level":30,"msg":"Express-Boilerplate v1.6.0","time":"2018-12-10T17:21:13.142Z","v":0}
{"name":"general-log","hostname":"raspberrypi","pid":3492,"level":30,"msg":"Listening on port 3000","time":"2018-12-10T17:21:13.148Z","v":0}
{"name":"general-log","hostname":"raspberrypi","pid":3508,"level":30,"msg":"Express-Boilerplate v1.6.0","time":"2018-12-10T17:21:40.446Z","v":0}
{"name":"general-log","hostname":"raspberrypi","pid":3508,"level":30,"msg":"Listening on port 3000","time":"2018-12-10T17:21:40.449Z","v":0}
{"name":"general-log","hostname":"raspberrypi","pid":3540,"level":30,"msg":"Express-Boilerplate v1.6.0","time":"2018-12-10T17:21:48.436Z","v":0}
{"name":"general-log","hostname":"raspberrypi","pid":3540,"level":30,"msg":"Listening on port 3000","time":"2018-12-10T17:21:48.439Z","v":0}
{"name":"general-log","hostname":"raspberrypi","pid":3560,"level":30,"msg":"Express-Boilerplate v1.6.0","time":"2018-12-10T17:22:15.331Z","v":0}
{"name":"general-log","hostname":"raspberrypi","pid":3560,"level":30,"msg":"Listening on port 3000","time":"2018-12-10T17:22:15.334Z","v":0}
{"name":"general-log","hostname":"raspberrypi","pid":3578,"level":30,"msg":"Express-Boilerplate v1.6.0","time":"2018-12-10T17:24:19.404Z","v":0}
{"name":"general-log","hostname":"raspberrypi","pid":3578,"level":30,"msg":"Listening on port 3000","time":"2018-12-10T17:24:19.411Z","v":0}
{"name":"general-log","hostname":"raspberrypi","pid":3659,"level":30,"msg":"Express-Boilerplate v1.6.0","time":"2018-12-10T17:27:55.795Z","v":0}
{"name":"general-log","hostname":"raspberrypi","pid":3659,"level":30,"msg":"Listening on port 3000","time":"2018-12-10T17:27:55.804Z","v":0}
